# JRE version: Java(TM) SE Runtime Environment (8.0_65-b17) (build 1.8.0_65-b17)
# Java VM: Java HotSpot(TM) Client VM (25.65-b01 mixed mode linux-arm )
Heap:
 def new generation   total 4864K, used 730K [0x65800000, 0x65d40000, 0x6a540000)
  eden space 4352K,  16% used [0x65800000, 0x658b6960, 0x65c40000)
  from space 512K,   0% used [0x65c40000, 0x65c40118, 0x65cc0000)
  to   space 512K,   0% used [0x65cc0000, 0x65cc0000, 0x65d40000)
 tenured generation   total 11008K, used 673K [0x6a540000, 0x6b000000, 0x74000000)
   the space 11008K,   6% used [0x6a540000, 0x6a5e87b0, 0x6a5e8800, 0x6b000000)
 Metaspace       used 3006K, capacity 3048K, committed 3096K, reserved 4400K
GC Heap History (10 events):
Event: 48.560 GC heap before
{Heap before GC invocations=1 (full 0):
 def new generation   total 4864K, used 4864K [0x65800000, 0x65d40000, 0x6a540000)
  eden space 4352K, 100% used [0x65800000, 0x65c40000, 0x65c40000)
  from space 512K, 100% used [0x65cc0000, 0x65d40000, 0x65d40000)
  to   space 512K,   0% used [0x65c40000, 0x65c40000, 0x65cc0000)
 tenured generation   total 11008K, used 162K [0x6a540000, 0x6b000000, 0x74000000)
   the space 11008K,   1% used [0x6a540000, 0x6a5688e0, 0x6a568a00, 0x6b000000)
 Metaspace       used 3005K, capacity 3048K, committed 3096K, reserved 4400K
Event: 48.567 GC heap after
Heap after GC invocations=2 (full 0):
 def new generation   total 4864K, used 0K [0x65800000, 0x65d40000, 0x6a540000)
  eden space 4352K,   0% used [0x65800000, 0x65800000, 0x65c40000)
  from space 512K,   0% used [0x65c40000, 0x65c40050, 0x65cc0000)
  to   space 512K,   0% used [0x65cc0000, 0x65cc0000, 0x65d40000)
 tenured generation   total 11008K, used 673K [0x6a540000, 0x6b000000, 0x74000000)
   the space 11008K,   6% used [0x6a540000, 0x6a5e87b0, 0x6a5e8800, 0x6b000000)
 Metaspace       used 3005K, capacity 3048K, committed 3096K, reserved 4400K
}
Event: 72.608 GC heap before
{Heap before GC invocations=2 (full 0):
 def new generation   total 4864K, used 4352K [0x65800000, 0x65d40000, 0x6a540000)
  eden space 4352K, 100% used [0x65800000, 0x65c40000, 0x65c40000)
  from space 512K,   0% used [0x65c40000, 0x65c40050, 0x65cc0000)
  to   space 512K,   0% used [0x65cc0000, 0x65cc0000, 0x65d40000)
 tenured generation   total 11008K, used 673K [0x6a540000, 0x6b000000, 0x74000000)
   the space 11008K,   6% used [0x6a540000, 0x6a5e87b0, 0x6a5e8800, 0x6b000000)
 Metaspace       used 3005K, capacity 3048K, committed 3096K, reserved 4400K
Event: 72.610 GC heap after
Heap after GC invocations=3 (full 0):
 def new generation   total 4864K, used 0K [0x65800000, 0x65d40000, 0x6a540000)
  eden space 4352K,   0% used [0x65800000, 0x65800000, 0x65c40000)
  from space 512K,   0% used [0x65cc0000, 0x65cc00f8, 0x65d40000)
  to   space 512K,   0% used [0x65c40000, 0x65c40000, 0x65cc0000)
 tenured generation   total 11008K, used 673K [0x6a540000, 0x6b000000, 0x74000000)
   the space 11008K,   6% used [0x6a540000, 0x6a5e87b0, 0x6a5e8800, 0x6b000000)
 Metaspace       used 3005K, capacity 3048K, committed 3096K, reserved 4400K
}
Event: 108.172 GC heap before
{Heap before GC invocations=3 (full 0):
 def new generation   total 4864K, used 4352K [0x65800000, 0x65d40000, 0x6a540000)
  eden space 4352K, 100% used [0x65800000, 0x65c40000, 0x65c40000)
  from space 512K,   0% used [0x65cc0000, 0x65cc00f8, 0x65d40000)
  to   space 512K,   0% used [0x65c40000, 0x65c40000, 0x65cc0000)
 tenured generation   total 11008K, used 673K [0x6a540000, 0x6b000000, 0x74000000)
   the space 11008K,   6% used [0x6a540000, 0x6a5e87b0, 0x6a5e8800, 0x6b000000)
 Metaspace       used 3005K, capacity 3048K, committed 3096K, reserved 4400K
Event: 108.174 GC heap after
Heap after GC invocations=4 (full 0):
 def new generation   total 4864K, used 0K [0x65800000, 0x65d40000, 0x6a540000)
  eden space 4352K,   0% used [0x65800000, 0x65800000, 0x65c40000)
  from space 512K,   0% used [0x65c40000, 0x65c400f8, 0x65cc0000)
  to   space 512K,   0% used [0x65cc0000, 0x65cc0000, 0x65d40000)
 tenured generation   total 11008K, used 673K [0x6a540000, 0x6b000000, 0x74000000)
   the space 11008K,   6% used [0x6a540000, 0x6a5e87b0, 0x6a5e8800, 0x6b000000)
 Metaspace       used 3005K, capacity 3048K, committed 3096K, reserved 4400K
}
Event: 132.456 GC heap before
{Heap before GC invocations=4 (full 0):
 def new generation   total 4864K, used 4352K [0x65800000, 0x65d40000, 0x6a540000)
  eden space 4352K, 100% used [0x65800000, 0x65c40000, 0x65c40000)
  from space 512K,   0% used [0x65c40000, 0x65c400f8, 0x65cc0000)
  to   space 512K,   0% used [0x65cc0000, 0x65cc0000, 0x65d40000)
 tenured generation   total 11008K, used 673K [0x6a540000, 0x6b000000, 0x74000000)
   the space 11008K,   6% used [0x6a540000, 0x6a5e87b0, 0x6a5e8800, 0x6b000000)
 Metaspace       used 3005K, capacity 3048K, committed 3096K, reserved 4400K
Event: 132.458 GC heap after
Heap after GC invocations=5 (full 0):
 def new generation   total 4864K, used 0K [0x65800000, 0x65d40000, 0x6a540000)
  eden space 4352K,   0% used [0x65800000, 0x65800000, 0x65c40000)
  from space 512K,   0% used [0x65cc0000, 0x65cc00f8, 0x65d40000)
  to   space 512K,   0% used [0x65c40000, 0x65c40000, 0x65cc0000)
 tenured generation   total 11008K, used 673K [0x6a540000, 0x6b000000, 0x74000000)
   the space 11008K,   6% used [0x6a540000, 0x6a5e87b0, 0x6a5e8800, 0x6b000000)
 Metaspace       used 3005K, capacity 3048K, committed 3096K, reserved 4400K
}
Event: 156.491 GC heap before
{Heap before GC invocations=5 (full 0):
 def new generation   total 4864K, used 4352K [0x65800000, 0x65d40000, 0x6a540000)
  eden space 4352K, 100% used [0x65800000, 0x65c40000, 0x65c40000)
  from space 512K,   0% used [0x65cc0000, 0x65cc00f8, 0x65d40000)
  to   space 512K,   0% used [0x65c40000, 0x65c40000, 0x65cc0000)
 tenured generation   total 11008K, used 673K [0x6a540000, 0x6b000000, 0x74000000)
   the space 11008K,   6% used [0x6a540000, 0x6a5e87b0, 0x6a5e8800, 0x6b000000)
 Metaspace       used 3005K, capacity 3048K, committed 3096K, reserved 4400K
Event: 156.493 GC heap after
Heap after GC invocations=6 (full 0):
 def new generation   total 4864K, used 0K [0x65800000, 0x65d40000, 0x6a540000)
  eden space 4352K,   0% used [0x65800000, 0x65800000, 0x65c40000)
  from space 512K,   0% used [0x65c40000, 0x65c40118, 0x65cc0000)
  to   space 512K,   0% used [0x65cc0000, 0x65cc0000, 0x65d40000)
 tenured generation   total 11008K, used 673K [0x6a540000, 0x6b000000, 0x74000000)
   the space 11008K,   6% used [0x6a540000, 0x6a5e87b0, 0x6a5e8800, 0x6b000000)
 Metaspace       used 3005K, capacity 3048K, committed 3096K, reserved 4400K
}

